\BOOKMARK [0][-]{chapter.1}{\376\377\0001\000\040\000M\000o\000d\000u\000l\000e\000\040\000I\000n\000d\000e\000x}{}% 1
\BOOKMARK [1][-]{section.1.1}{\376\377\0001\000.\0001\000\040\000M\000o\000d\000u\000l\000e\000s}{chapter.1}% 2
\BOOKMARK [0][-]{chapter.2}{\376\377\0002\000\040\000H\000i\000e\000r\000a\000r\000c\000h\000i\000c\000a\000l\000\040\000I\000n\000d\000e\000x}{}% 3
\BOOKMARK [1][-]{section.2.1}{\376\377\0002\000.\0001\000\040\000C\000l\000a\000s\000s\000\040\000H\000i\000e\000r\000a\000r\000c\000h\000y}{chapter.2}% 4
\BOOKMARK [0][-]{chapter.3}{\376\377\0003\000\040\000C\000l\000a\000s\000s\000\040\000I\000n\000d\000e\000x}{}% 5
\BOOKMARK [1][-]{section.3.1}{\376\377\0003\000.\0001\000\040\000C\000l\000a\000s\000s\000\040\000L\000i\000s\000t}{chapter.3}% 6
\BOOKMARK [0][-]{chapter.4}{\376\377\0004\000\040\000F\000i\000l\000e\000\040\000I\000n\000d\000e\000x}{}% 7
\BOOKMARK [1][-]{section.4.1}{\376\377\0004\000.\0001\000\040\000F\000i\000l\000e\000\040\000L\000i\000s\000t}{chapter.4}% 8
\BOOKMARK [0][-]{chapter.5}{\376\377\0005\000\040\000M\000o\000d\000u\000l\000e\000\040\000D\000o\000c\000u\000m\000e\000n\000t\000a\000t\000i\000o\000n}{}% 9
\BOOKMARK [1][-]{section.5.1}{\376\377\0005\000.\0001\000\040\000M\000o\000d\000f\000l\000o\000w\000:\000\040\000a\000\040\000g\000r\000a\000p\000h\000\040\000b\000a\000s\000e\000d\000\040\000m\000o\000d\000u\000l\000a\000r\000\040\000i\000n\000t\000e\000r\000f\000a\000c\000e}{chapter.5}% 10
\BOOKMARK [2][-]{subsection.5.1.1}{\376\377\0005\000.\0001\000.\0001\000\040\000D\000e\000t\000a\000i\000l\000e\000d\000\040\000D\000e\000s\000c\000r\000i\000p\000t\000i\000o\000n}{section.5.1}% 11
\BOOKMARK [0][-]{chapter.6}{\376\377\0006\000\040\000C\000l\000a\000s\000s\000\040\000D\000o\000c\000u\000m\000e\000n\000t\000a\000t\000i\000o\000n}{}% 12
\BOOKMARK [1][-]{section.6.1}{\376\377\0006\000.\0001\000\040\000n\000l\000i\000b\0002\000:\000:\000C\000h\000a\000n\000n\000e\000l\000\040\000C\000l\000a\000s\000s\000\040\000R\000e\000f\000e\000r\000e\000n\000c\000e}{chapter.6}% 13
\BOOKMARK [2][-]{subsection.6.1.1}{\376\377\0006\000.\0001\000.\0001\000\040\000D\000e\000t\000a\000i\000l\000e\000d\000\040\000D\000e\000s\000c\000r\000i\000p\000t\000i\000o\000n}{section.6.1}% 14
\BOOKMARK [2][-]{subsection.6.1.2}{\376\377\0006\000.\0001\000.\0002\000\040\000C\000o\000n\000s\000t\000r\000u\000c\000t\000o\000r\000\040\000\046\000\040\000D\000e\000s\000t\000r\000u\000c\000t\000o\000r\000\040\000D\000o\000c\000u\000m\000e\000n\000t\000a\000t\000i\000o\000n}{section.6.1}% 15
\BOOKMARK [3][-]{subsubsection.6.1.2.1}{\376\377\0006\000.\0001\000.\0002\000.\0001\000\040\000C\000h\000a\000n\000n\000e\000l\000\050\000\051}{subsection.6.1.2}% 16
\BOOKMARK [2][-]{subsection.6.1.3}{\376\377\0006\000.\0001\000.\0003\000\040\000M\000e\000m\000b\000e\000r\000\040\000F\000u\000n\000c\000t\000i\000o\000n\000\040\000D\000o\000c\000u\000m\000e\000n\000t\000a\000t\000i\000o\000n}{section.6.1}% 17
\BOOKMARK [3][-]{subsubsection.6.1.3.1}{\376\377\0006\000.\0001\000.\0003\000.\0001\000\040\000c\000h\000e\000c\000k\000T\000y\000p\000e\000\050\000\051}{subsection.6.1.3}% 18
\BOOKMARK [1][-]{section.6.2}{\376\377\0006\000.\0002\000\040\000n\000l\000i\000b\0002\000:\000:\000E\000v\000e\000n\000t\000\040\000C\000l\000a\000s\000s\000\040\000R\000e\000f\000e\000r\000e\000n\000c\000e}{chapter.6}% 19
\BOOKMARK [1][-]{section.6.3}{\376\377\0006\000.\0003\000\040\000n\000l\000i\000b\0002\000:\000:\000I\000P\000a\000r\000a\000m\000e\000t\000e\000r\000S\000e\000r\000v\000e\000r\000\040\000S\000t\000r\000u\000c\000t\000\040\000R\000e\000f\000e\000r\000e\000n\000c\000e}{chapter.6}% 20
\BOOKMARK [1][-]{section.6.4}{\376\377\0006\000.\0004\000\040\000n\000l\000i\000b\0002\000:\000:\000i\000n\000t\000e\000r\000n\000a\000l\000:\000:\000t\000r\000a\000i\000t\000s\000:\000:\000i\000s\000\137\000c\000o\000n\000t\000a\000i\000n\000e\000r\000<\000\040\000T\000,\000\040\000t\000y\000p\000e\000n\000a\000m\000e\000\040\000>\000\040\000S\000t\000r\000u\000c\000t\000\040\000T\000e\000m\000p\000l\000a\000t\000e\000\040\000R\000e\000f\000e\000r\000e\000n\000c\000e}{chapter.6}% 21
\BOOKMARK [1][-]{section.6.5}{\376\377\0006\000.\0005\000\040\000n\000l\000i\000b\0002\000:\000:\000i\000n\000t\000e\000r\000n\000a\000l\000:\000:\000t\000r\000a\000i\000t\000s\000:\000:\000i\000s\000\137\000c\000o\000n\000t\000a\000i\000n\000e\000r\000<\000\040\000T\000,\000\040\000s\000t\000d\000:\000:\000v\000o\000i\000d\000\137\000t\000<\000\040\000d\000e\000c\000l\000t\000y\000p\000e\000\050\000s\000t\000d\000:\000:\000d\000e\000c\000l\000v\000a\000l\000<\000\040\000T\000\040\000>\000\050\000\051\000.\000b\000e\000g\000i\000n\000\050\000\051\000\051\000,\000\040\000d\000e\000c\000l\000t\000y\000p\000e\000\050\000s\000t\000d\000:\000:\000d\000e\000c\000l\000v\000a\000l\000<\000\040\000T\000\040\000>\000\050\000\051\000.\000e\000n\000d\000\050\000\051\000\051\000>\000\040\000>\000\040\000S\000t\000r\000u\000c\000t\000\040\000T\000e\000m\000p\000l\000a\000t\000e\000\040\000R\000e\000f\000e\000r\000e\000n\000c\000e}{chapter.6}% 22
\BOOKMARK [1][-]{section.6.6}{\376\377\0006\000.\0006\000\040\000n\000l\000i\000b\0002\000:\000:\000M\000o\000d\000f\000l\000o\000w\000\040\000C\000l\000a\000s\000s\000\040\000R\000e\000f\000e\000r\000e\000n\000c\000e}{chapter.6}% 23
\BOOKMARK [2][-]{subsection.6.6.1}{\376\377\0006\000.\0006\000.\0001\000\040\000D\000e\000t\000a\000i\000l\000e\000d\000\040\000D\000e\000s\000c\000r\000i\000p\000t\000i\000o\000n}{section.6.6}% 24
\BOOKMARK [2][-]{subsection.6.6.2}{\376\377\0006\000.\0006\000.\0002\000\040\000M\000e\000m\000b\000e\000r\000\040\000F\000u\000n\000c\000t\000i\000o\000n\000\040\000D\000o\000c\000u\000m\000e\000n\000t\000a\000t\000i\000o\000n}{section.6.6}% 25
\BOOKMARK [3][-]{subsubsection.6.6.2.1}{\376\377\0006\000.\0006\000.\0002\000.\0001\000\040\000c\000r\000e\000a\000t\000e\000C\000h\000a\000n\000n\000e\000l\000\050\000\051}{subsection.6.6.2}% 26
\BOOKMARK [3][-]{subsubsection.6.6.2.2}{\376\377\0006\000.\0006\000.\0002\000.\0002\000\040\000c\000r\000e\000a\000t\000e\000C\000o\000n\000n\000e\000c\000t\000i\000o\000n\000\050\000\051}{subsection.6.6.2}% 27
\BOOKMARK [3][-]{subsubsection.6.6.2.3}{\376\377\0006\000.\0006\000.\0002\000.\0003\000\040\000e\000m\000i\000t\000\050\000\051}{subsection.6.6.2}% 28
\BOOKMARK [3][-]{subsubsection.6.6.2.4}{\376\377\0006\000.\0006\000.\0002\000.\0004\000\040\000l\000o\000a\000d\000M\000o\000d\000u\000l\000e\000\050\000\051}{subsection.6.6.2}% 29
\BOOKMARK [3][-]{subsubsection.6.6.2.5}{\376\377\0006\000.\0006\000.\0002\000.\0005\000\040\000r\000e\000s\000o\000l\000v\000e\000C\000h\000a\000n\000n\000e\000l\000\050\000\051}{subsection.6.6.2}% 30
\BOOKMARK [1][-]{section.6.7}{\376\377\0006\000.\0007\000\040\000n\000l\000i\000b\0002\000:\000:\000M\000o\000d\000u\000l\000e\000\040\000C\000l\000a\000s\000s\000\040\000R\000e\000f\000e\000r\000e\000n\000c\000e}{chapter.6}% 31
\BOOKMARK [2][-]{subsection.6.7.1}{\376\377\0006\000.\0007\000.\0001\000\040\000D\000e\000t\000a\000i\000l\000e\000d\000\040\000D\000e\000s\000c\000r\000i\000p\000t\000i\000o\000n}{section.6.7}% 32
\BOOKMARK [2][-]{subsection.6.7.2}{\376\377\0006\000.\0007\000.\0002\000\040\000M\000e\000m\000b\000e\000r\000\040\000F\000u\000n\000c\000t\000i\000o\000n\000\040\000D\000o\000c\000u\000m\000e\000n\000t\000a\000t\000i\000o\000n}{section.6.7}% 33
\BOOKMARK [3][-]{subsubsection.6.7.2.1}{\376\377\0006\000.\0007\000.\0002\000.\0001\000\040\000c\000a\000l\000l\000S\000e\000r\000v\000i\000c\000e\000\050\000\051}{subsection.6.7.2}% 34
\BOOKMARK [3][-]{subsubsection.6.7.2.2}{\376\377\0006\000.\0007\000.\0002\000.\0002\000\040\000c\000r\000e\000a\000t\000e\000C\000h\000a\000n\000n\000e\000l\000\050\000\051}{subsection.6.7.2}% 35
\BOOKMARK [3][-]{subsubsection.6.7.2.3}{\376\377\0006\000.\0007\000.\0002\000.\0003\000\040\000e\000m\000i\000t\000\050\000\051}{subsection.6.7.2}% 36
\BOOKMARK [3][-]{subsubsection.6.7.2.4}{\376\377\0006\000.\0007\000.\0002\000.\0004\000\040\000i\000n\000i\000t\000P\000a\000r\000a\000m\000s\000\050\000\051}{subsection.6.7.2}% 37
\BOOKMARK [3][-]{subsubsection.6.7.2.5}{\376\377\0006\000.\0007\000.\0002\000.\0005\000\040\000o\000n\000P\000a\000r\000a\000m\000C\000h\000a\000n\000g\000e\000\050\000\051}{subsection.6.7.2}% 38
\BOOKMARK [3][-]{subsubsection.6.7.2.6}{\376\377\0006\000.\0007\000.\0002\000.\0006\000\040\000r\000e\000q\000u\000e\000s\000t\000C\000o\000n\000n\000e\000c\000t\000i\000o\000n\000\050\000\051}{subsection.6.7.2}% 39
\BOOKMARK [3][-]{subsubsection.6.7.2.7}{\376\377\0006\000.\0007\000.\0002\000.\0007\000\040\000r\000e\000s\000o\000u\000r\000c\000e\000s\000\050\000\051}{subsection.6.7.2}% 40
\BOOKMARK [3][-]{subsubsection.6.7.2.8}{\376\377\0006\000.\0007\000.\0002\000.\0008\000\040\000u\000p\000d\000a\000t\000e\000P\000a\000r\000a\000m\000\050\000\051}{subsection.6.7.2}% 41
\BOOKMARK [1][-]{section.6.8}{\376\377\0006\000.\0008\000\040\000n\000l\000i\000b\0002\000:\000:\000N\000l\000N\000o\000d\000e\000<\000\040\000D\000e\000r\000i\000v\000e\000d\000\040\000>\000\040\000C\000l\000a\000s\000s\000\040\000T\000e\000m\000p\000l\000a\000t\000e\000\040\000R\000e\000f\000e\000r\000e\000n\000c\000e}{chapter.6}% 42
\BOOKMARK [1][-]{section.6.9}{\376\377\0006\000.\0009\000\040\000n\000l\000i\000b\0002\000:\000:\000N\000l\000P\000a\000r\000a\000m\000s\000\040\000C\000l\000a\000s\000s\000\040\000R\000e\000f\000e\000r\000e\000n\000c\000e}{chapter.6}% 43
\BOOKMARK [1][-]{section.6.10}{\376\377\0006\000.\0001\0000\000\040\000n\000l\000i\000b\0002\000:\000:\000R\000e\000s\000o\000u\000r\000c\000e\000M\000a\000n\000a\000g\000e\000r\000\040\000C\000l\000a\000s\000s\000\040\000R\000e\000f\000e\000r\000e\000n\000c\000e}{chapter.6}% 44
\BOOKMARK [2][-]{subsection.6.10.1}{\376\377\0006\000.\0001\0000\000.\0001\000\040\000D\000e\000t\000a\000i\000l\000e\000d\000\040\000D\000e\000s\000c\000r\000i\000p\000t\000i\000o\000n}{section.6.10}% 45
\BOOKMARK [2][-]{subsection.6.10.2}{\376\377\0006\000.\0001\0000\000.\0002\000\040\000M\000e\000m\000b\000e\000r\000\040\000F\000u\000n\000c\000t\000i\000o\000n\000\040\000D\000o\000c\000u\000m\000e\000n\000t\000a\000t\000i\000o\000n}{section.6.10}% 46
\BOOKMARK [3][-]{subsubsection.6.10.2.1}{\376\377\0006\000.\0001\0000\000.\0002\000.\0001\000\040\000c\000r\000e\000a\000t\000e\000\050\000\051}{subsection.6.10.2}% 47
\BOOKMARK [3][-]{subsubsection.6.10.2.2}{\376\377\0006\000.\0001\0000\000.\0002\000.\0002\000\040\000g\000e\000t\000\050\000\051}{subsection.6.10.2}% 48
\BOOKMARK [1][-]{section.6.11}{\376\377\0006\000.\0001\0001\000\040\000n\000l\000i\000b\0002\000:\000:\000R\000O\000S\0002\000P\000a\000r\000a\000m\000e\000t\000e\000r\000S\000e\000r\000v\000e\000r\000\040\000C\000l\000a\000s\000s\000\040\000R\000e\000f\000e\000r\000e\000n\000c\000e}{chapter.6}% 49
\BOOKMARK [1][-]{section.6.12}{\376\377\0006\000.\0001\0002\000\040\000n\000l\000i\000b\0002\000:\000:\000R\000o\000s\000C\000o\000n\000f\000i\000g\000u\000r\000a\000t\000i\000o\000n\000\040\000C\000l\000a\000s\000s\000\040\000R\000e\000f\000e\000r\000e\000n\000c\000e}{chapter.6}% 50
\BOOKMARK [1][-]{section.6.13}{\376\377\0006\000.\0001\0003\000\040\000n\000l\000i\000b\0002\000:\000:\000S\000e\000r\000i\000a\000l\000i\000z\000e\000d\000S\000l\000o\000t\000\040\000C\000l\000a\000s\000s\000\040\000R\000e\000f\000e\000r\000e\000n\000c\000e}{chapter.6}% 51
\BOOKMARK [2][-]{subsection.6.13.1}{\376\377\0006\000.\0001\0003\000.\0001\000\040\000D\000e\000t\000a\000i\000l\000e\000d\000\040\000D\000e\000s\000c\000r\000i\000p\000t\000i\000o\000n}{section.6.13}% 52
\BOOKMARK [1][-]{section.6.14}{\376\377\0006\000.\0001\0004\000\040\000n\000l\000i\000b\0002\000:\000:\000S\000i\000n\000k\000s\000\040\000C\000l\000a\000s\000s\000\040\000R\000e\000f\000e\000r\000e\000n\000c\000e}{chapter.6}% 53
\BOOKMARK [2][-]{subsection.6.14.1}{\376\377\0006\000.\0001\0004\000.\0001\000\040\000D\000e\000t\000a\000i\000l\000e\000d\000\040\000D\000e\000s\000c\000r\000i\000p\000t\000i\000o\000n}{section.6.14}% 54
\BOOKMARK [1][-]{section.6.15}{\376\377\0006\000.\0001\0005\000\040\000n\000l\000i\000b\0002\000:\000:\000S\000o\000u\000r\000c\000e\000s\000\040\000C\000l\000a\000s\000s\000\040\000R\000e\000f\000e\000r\000e\000n\000c\000e}{chapter.6}% 55
\BOOKMARK [2][-]{subsection.6.15.1}{\376\377\0006\000.\0001\0005\000.\0001\000\040\000D\000e\000t\000a\000i\000l\000e\000d\000\040\000D\000e\000s\000c\000r\000i\000p\000t\000i\000o\000n}{section.6.15}% 56
\BOOKMARK [2][-]{subsection.6.15.2}{\376\377\0006\000.\0001\0005\000.\0002\000\040\000C\000o\000n\000s\000t\000r\000u\000c\000t\000o\000r\000\040\000\046\000\040\000D\000e\000s\000t\000r\000u\000c\000t\000o\000r\000\040\000D\000o\000c\000u\000m\000e\000n\000t\000a\000t\000i\000o\000n}{section.6.15}% 57
\BOOKMARK [3][-]{subsubsection.6.15.2.1}{\376\377\0006\000.\0001\0005\000.\0002\000.\0001\000\040\000S\000o\000u\000r\000c\000e\000s\000\050\000\051}{subsection.6.15.2}% 58
\BOOKMARK [0][-]{chapter.7}{\376\377\0007\000\040\000F\000i\000l\000e\000\040\000D\000o\000c\000u\000m\000e\000n\000t\000a\000t\000i\000o\000n}{}% 59
\BOOKMARK [1][-]{section.7.1}{\376\377\0007\000.\0001\000\040\000i\000n\000c\000l\000u\000d\000e\000/\000n\000l\000i\000b\0002\000/\000n\000l\000\137\000m\000o\000d\000f\000l\000o\000w\000.\000h\000\040\000F\000i\000l\000e\000\040\000R\000e\000f\000e\000r\000e\000n\000c\000e}{chapter.7}% 60
\BOOKMARK [2][-]{subsection.7.1.1}{\376\377\0007\000.\0001\000.\0001\000\040\000D\000e\000t\000a\000i\000l\000e\000d\000\040\000D\000e\000s\000c\000r\000i\000p\000t\000i\000o\000n}{section.7.1}% 61
\BOOKMARK [0][-]{section*.49}{\376\377\000I\000n\000d\000e\000x}{}% 62
